Using pre-set license
Built from '2020.3/staging' branch; Version is '2020.3.9f1 (108be757e447) revision 1084391'; Using compiler version '192528614'; Build Type 'Release'
OS: 'Windows 10 Enterprise; OS build 19041.985; Version 2004; 64bit' Language: 'en' Physical Memory: 32683 MB
BatchMode: 1, IsHumanControllingUs: 0, StartBugReporterOnCrash: 0, Is64bit: 1, IsPro: 0

 COMMAND LINE ARGUMENTS:
C:\Program Files\Unity\Hub\Editor\2020.3.9f1\Editor\Unity.exe
-adb2
-batchMode
-noUpm
-name
AssetImportWorker0
-projectPath
C:/Users/dclowes/Documents/GitHub/git_stress_test_project
-logFile
Logs/AssetImportWorker0.log
-srvPort
56630
Successfully changed project path to: C:/Users/dclowes/Documents/GitHub/git_stress_test_project
C:/Users/dclowes/Documents/GitHub/git_stress_test_project
Using Asset Import Pipeline V2.
Refreshing native plugins compatible for Editor in 24.85 ms, found 0 plugins.
Preloading 0 native plugins for Editor in 0.00 ms.
Initialize engine version: 2020.3.9f1 (108be757e447)
[Subsystems] Discovering subsystems at path C:/Program Files/Unity/Hub/Editor/2020.3.9f1/Editor/Data/Resources/UnitySubsystems
[Subsystems] Discovering subsystems at path C:/Users/dclowes/Documents/GitHub/git_stress_test_project/Assets
GfxDevice: creating device client; threaded=0
Direct3D:
    Version:  Direct3D 11.0 [level 11.1]
    Renderer: NVIDIA GeForce GTX 980 (ID=0x13c0)
    Vendor:   
    VRAM:     4053 MB
    Driver:   27.21.14.5671
Initialize mono
Mono path[0] = 'C:/Program Files/Unity/Hub/Editor/2020.3.9f1/Editor/Data/Managed'
Mono path[1] = 'C:/Program Files/Unity/Hub/Editor/2020.3.9f1/Editor/Data/MonoBleedingEdge/lib/mono/unityjit'
Mono config path = 'C:/Program Files/Unity/Hub/Editor/2020.3.9f1/Editor/Data/MonoBleedingEdge/etc'
Using monoOptions --debugger-agent=transport=dt_socket,embedding=1,server=y,suspend=n,address=127.0.0.1:56424
Begin MonoManager ReloadAssembly
Registering precompiled unity dll's ...
Register platform support module: C:/Program Files/Unity/Hub/Editor/2020.3.9f1/Editor/Data/PlaybackEngines/WebGLSupport/UnityEditor.WebGL.Extensions.dll
Register platform support module: C:/Program Files/Unity/Hub/Editor/2020.3.9f1/Editor/Data/PlaybackEngines/WindowsStandaloneSupport/UnityEditor.WindowsStandalone.Extensions.dll
Registered in 0.002213 seconds.
Native extension for WindowsStandalone target not found
Native extension for WebGL target not found
Refreshing native plugins compatible for Editor in 23.25 ms, found 0 plugins.
Preloading 0 native plugins for Editor in 0.00 ms.
Mono: successfully reloaded assembly
- Completed reload, in  1.456 seconds
Platform modules already initialized, skipping
Registering precompiled user dll's ...
Registered in 0.001085 seconds.
Begin MonoManager ReloadAssembly
Native extension for WindowsStandalone target not found
Native extension for WebGL target not found
Refreshing native plugins compatible for Editor in 0.28 ms, found 0 plugins.
Preloading 0 native plugins for Editor in 0.00 ms.
Mono: successfully reloaded assembly
- Completed reload, in  0.829 seconds
Platform modules already initialized, skipping
========================================================================
Worker process is ready to serve import requests
Launched and connected shader compiler UnityShaderCompiler.exe after 0.07 seconds
Refreshing native plugins compatible for Editor in 0.21 ms, found 0 plugins.
Preloading 0 native plugins for Editor in 0.00 ms.
Unloading 1115 Unused Serialized files (Serialized files now loaded: 0)
System memory in use before: 56.9 MB.
System memory in use after: 57.0 MB.

Unloading 9 unused Assets to reduce memory usage. Loaded Objects now: 1558.
Total: 1.753100 ms (FindLiveObjects: 0.120400 ms CreateObjectMapping: 0.027500 ms MarkObjects: 1.497900 ms  DeleteObjects: 0.106500 ms)

========================================================================
Received Import Request.
  path: Assets
  artifactKey: Guid(00000000000000001000000000000000) Importer(815301076,1909f56bfc062723c751e8b465ee728b)
Start importing Assets using Guid(00000000000000001000000000000000) Importer(815301076,1909f56bfc062723c751e8b465ee728b)  -> (artifact id: '42d402b061de3733987d63b9cc3b64de') in 0.006132 seconds
  Import took 0.008387 seconds .

========================================================================
Received Import Request.
  Time since last request: 0.000424 seconds.
  path: Assets/20210605_212519.jpg
  artifactKey: Guid(785b9b26ad37c0741861c74147309db3) Importer(815301076,1909f56bfc062723c751e8b465ee728b)
Start importing Assets/20210605_212519.jpg using Guid(785b9b26ad37c0741861c74147309db3) Importer(815301076,1909f56bfc062723c751e8b465ee728b)  -> (artifact id: '875fa9843c01f27d3196d8c330180954') in 0.101618 seconds
  Import took 0.103763 seconds .

========================================================================
Received Import Request.
  Time since last request: 3.312842 seconds.
  path: Assets/NewBehaviourScript.cs
  artifactKey: Guid(73c8da120dc0ff44e901b55bfe38dfb7) Importer(815301076,1909f56bfc062723c751e8b465ee728b)
Start importing Assets/NewBehaviourScript.cs using Guid(73c8da120dc0ff44e901b55bfe38dfb7) Importer(815301076,1909f56bfc062723c751e8b465ee728b)  -> (artifact id: '2eaaa0a1e332ab66b9a6bc21f101158d') in 0.013256 seconds
  Import took 0.015504 seconds .

========================================================================
Received Prepare
Registering precompiled user dll's ...
Registered in 0.000794 seconds.
Begin MonoManager ReloadAssembly
Native extension for WindowsStandalone target not found
Native extension for WebGL target not found
Refreshing native plugins compatible for Editor in 0.20 ms, found 0 plugins.
Preloading 0 native plugins for Editor in 0.00 ms.
Mono: successfully reloaded assembly
- Completed reload, in  0.773 seconds
Platform modules already initialized, skipping
Refreshing native plugins compatible for Editor in 0.20 ms, found 0 plugins.
Preloading 0 native plugins for Editor in 0.00 ms.
Unloading 1110 Unused Serialized files (Serialized files now loaded: 0)
System memory in use before: 59.9 MB.
System memory in use after: 60.0 MB.

Unloading 4 unused Assets to reduce memory usage. Loaded Objects now: 1568.
Total: 1.721100 ms (FindLiveObjects: 0.121200 ms CreateObjectMapping: 0.028300 ms MarkObjects: 1.559200 ms  DeleteObjects: 0.011400 ms)

========================================================================
Received Prepare
Registering precompiled user dll's ...
Registered in 0.000740 seconds.
Begin MonoManager ReloadAssembly
Native extension for WindowsStandalone target not found
Native extension for WebGL target not found
Refreshing native plugins compatible for Editor in 0.19 ms, found 0 plugins.
Preloading 0 native plugins for Editor in 0.00 ms.
Mono: successfully reloaded assembly
- Completed reload, in  0.759 seconds
Platform modules already initialized, skipping
Refreshing native plugins compatible for Editor in 0.23 ms, found 0 plugins.
Preloading 0 native plugins for Editor in 0.00 ms.
Unloading 1109 Unused Serialized files (Serialized files now loaded: 0)
System memory in use before: 59.9 MB.
System memory in use after: 60.0 MB.

Unloading 5 unused Assets to reduce memory usage. Loaded Objects now: 1570.
Total: 1.684200 ms (FindLiveObjects: 0.139300 ms CreateObjectMapping: 0.041900 ms MarkObjects: 1.489900 ms  DeleteObjects: 0.012300 ms)

========================================================================
Received Import Request.
  Time since last request: 14.768560 seconds.
  path: Assets/Scripts
  artifactKey: Guid(b939bfe89836abd44a2d35b4df803cec) Importer(815301076,1909f56bfc062723c751e8b465ee728b)
Start importing Assets/Scripts using Guid(b939bfe89836abd44a2d35b4df803cec) Importer(815301076,1909f56bfc062723c751e8b465ee728b)  -> (artifact id: 'd78015b0947b5eeafdd8f85553ce3f4a') in 0.005590 seconds
  Import took 0.007961 seconds .

========================================================================
Received Import Request.
  Time since last request: 36.214765 seconds.
  path: Assets/Scripts/TheBesterScriptEver.cs
  artifactKey: Guid(5be101b751b8ee74b9ef98ab0db0225f) Importer(815301076,1909f56bfc062723c751e8b465ee728b)
Start importing Assets/Scripts/TheBesterScriptEver.cs using Guid(5be101b751b8ee74b9ef98ab0db0225f) Importer(815301076,1909f56bfc062723c751e8b465ee728b)  -> (artifact id: '56810ba3e5686df90d9988963422aa07') in 0.002853 seconds
  Import took 0.005763 seconds .

========================================================================
Received Prepare
Registering precompiled user dll's ...
Registered in 0.000735 seconds.
Begin MonoManager ReloadAssembly
Native extension for WindowsStandalone target not found
Native extension for WebGL target not found
Refreshing native plugins compatible for Editor in 0.21 ms, found 0 plugins.
Preloading 0 native plugins for Editor in 0.00 ms.
Mono: successfully reloaded assembly
- Completed reload, in  0.739 seconds
Platform modules already initialized, skipping
Refreshing native plugins compatible for Editor in 0.23 ms, found 0 plugins.
Preloading 0 native plugins for Editor in 0.00 ms.
Unloading 1110 Unused Serialized files (Serialized files now loaded: 0)
System memory in use before: 59.9 MB.
System memory in use after: 60.0 MB.

Unloading 4 unused Assets to reduce memory usage. Loaded Objects now: 1574.
Total: 1.703400 ms (FindLiveObjects: 0.124700 ms CreateObjectMapping: 0.027700 ms MarkObjects: 1.538700 ms  DeleteObjects: 0.011500 ms)

========================================================================
Received Import Request.
  Time since last request: 317.148009 seconds.
  path: Assets/Scripts/TheBesterScriptEver.cs
  artifactKey: Guid(5be101b751b8ee74b9ef98ab0db0225f) Importer(815301076,1909f56bfc062723c751e8b465ee728b)
Start importing Assets/Scripts/TheBesterScriptEver.cs using Guid(5be101b751b8ee74b9ef98ab0db0225f) Importer(815301076,1909f56bfc062723c751e8b465ee728b)  -> (artifact id: 'd36ce5d315d1d26516f2e50b84a6dfab') in 0.005356 seconds
  Import took 0.007881 seconds .

========================================================================
Received Prepare
Registering precompiled user dll's ...
Registered in 0.000976 seconds.
Begin MonoManager ReloadAssembly
Native extension for WindowsStandalone target not found
Native extension for WebGL target not found
Refreshing native plugins compatible for Editor in 0.31 ms, found 0 plugins.
Preloading 0 native plugins for Editor in 0.00 ms.
Mono: successfully reloaded assembly
- Completed reload, in  0.793 seconds
Platform modules already initialized, skipping
Refreshing native plugins compatible for Editor in 0.32 ms, found 0 plugins.
Preloading 0 native plugins for Editor in 0.00 ms.
Unloading 1110 Unused Serialized files (Serialized files now loaded: 0)
System memory in use before: 59.9 MB.
System memory in use after: 60.0 MB.

Unloading 4 unused Assets to reduce memory usage. Loaded Objects now: 1577.
Total: 1.657100 ms (FindLiveObjects: 0.138100 ms CreateObjectMapping: 0.032800 ms MarkObjects: 1.470300 ms  DeleteObjects: 0.014900 ms)

========================================================================
Received Import Request.
  Time since last request: 86.498029 seconds.
  path: Assets/Scripts/TheBesterScriptEver.cs
  artifactKey: Guid(5be101b751b8ee74b9ef98ab0db0225f) Importer(815301076,1909f56bfc062723c751e8b465ee728b)
Start importing Assets/Scripts/TheBesterScriptEver.cs using Guid(5be101b751b8ee74b9ef98ab0db0225f) Importer(815301076,1909f56bfc062723c751e8b465ee728b)  -> (artifact id: '834f3b1043758fd3ab5a53aa7d1ead35') in 0.004520 seconds
  Import took 0.006563 seconds .

AssetImportWorkerClient::OnTransportError - code=2 error=End of file
